Unity Editor version:    2021.3.9f1 (ad3870b89536)
Branch:                  2021.3/staging
Build type:              Release
Batch mode:              YES
macOS version:           Version 13.0 (Build 22A380)
Darwin version:          22.1.0
Architecture:            x86_64
Running under Rosetta:   YES
Available memory:        8192 MB
Using pre-set license
Pro License: YES

COMMAND LINE ARGUMENTS:
/Applications/Unity/Hub/Editor/2021.3.9f1/Unity.app/Contents/MacOS/Unity
-adb2
-batchMode
-noUpm
-name
AssetImportWorker0
-projectPath
/Users/user/Documents/Pojects/XR-4
-logFile
Logs/AssetImportWorker0.log
-srvPort
55870
Successfully changed project path to: /Users/user/Documents/Pojects/XR-4
/Users/user/Documents/Pojects/XR-4
[UnityMemory] Configuration Parameters - Can be set up in boot.config
    "memorysetup-bucket-allocator-granularity=16"
    "memorysetup-bucket-allocator-bucket-count=8"
    "memorysetup-bucket-allocator-block-size=33554432"
    "memorysetup-bucket-allocator-block-count=8"
    "memorysetup-main-allocator-block-size=16777216"
    "memorysetup-thread-allocator-block-size=16777216"
    "memorysetup-gfx-main-allocator-block-size=16777216"
    "memorysetup-gfx-thread-allocator-block-size=16777216"
    "memorysetup-cache-allocator-block-size=4194304"
    "memorysetup-typetree-allocator-block-size=2097152"
    "memorysetup-profiler-bucket-allocator-granularity=16"
    "memorysetup-profiler-bucket-allocator-bucket-count=8"
    "memorysetup-profiler-bucket-allocator-block-size=33554432"
    "memorysetup-profiler-bucket-allocator-block-count=8"
    "memorysetup-profiler-allocator-block-size=16777216"
    "memorysetup-profiler-editor-allocator-block-size=1048576"
    "memorysetup-temp-allocator-size-main=16777216"
    "memorysetup-job-temp-allocator-block-size=2097152"
    "memorysetup-job-temp-allocator-block-size-background=1048576"
    "memorysetup-job-temp-allocator-reduction-small-platforms=262144"
    "memorysetup-temp-allocator-size-background-worker=32768"
    "memorysetup-temp-allocator-size-job-worker=262144"
    "memorysetup-temp-allocator-size-preload-manager=33554432"
    "memorysetup-temp-allocator-size-nav-mesh-worker=65536"
    "memorysetup-temp-allocator-size-audio-worker=65536"
    "memorysetup-temp-allocator-size-cloud-worker=32768"
    "memorysetup-temp-allocator-size-gi-baking-worker=262144"
    "memorysetup-temp-allocator-size-gfx=262144"
Refreshing native plugins compatible for Editor in 160.62 ms, found 3 plugins.
Preloading 1 native plugins for Editor in 9.25 ms.
Initialize engine version: 2021.3.9f1 (ad3870b89536)
[Subsystems] Discovering subsystems at path /Applications/Unity/Hub/Editor/2021.3.9f1/Unity.app/Contents/Resources/UnitySubsystems
[Subsystems] Discovering subsystems at path /Users/user/Documents/Pojects/XR-4/Assets
GfxDevice: creating device client; threaded=0; jobified=0
 preferred device: Apple M1 (high power)
Metal devices available: 1
0: Apple M1 (high power)
Using device Apple M1 (high power)
Initializing Metal device caps: Apple M1
Initialize mono
Mono path[0] = '/Applications/Unity/Hub/Editor/2021.3.9f1/Unity.app/Contents/Managed'
Mono path[1] = '/Applications/Unity/Hub/Editor/2021.3.9f1/Unity.app/Contents/MonoBleedingEdge/lib/mono/unityjit-macos'
Mono config path = '/Applications/Unity/Hub/Editor/2021.3.9f1/Unity.app/Contents/MonoBleedingEdge/etc'
Using monoOptions --debugger-agent=transport=dt_socket,embedding=1,server=y,suspend=n,address=127.0.0.1:56132
Begin MonoManager ReloadAssembly
Registering precompiled unity dll's ...
Register platform support module: /Applications/Unity/Hub/Editor/2021.3.9f1/Unity.app/Contents/PlaybackEngines/MacStandaloneSupport/UnityEditor.OSXStandalone.Extensions.dll
Registered in 0.000827 seconds.
Native extension for OSXStandalone target not found
Refreshing native plugins compatible for Editor in 106.21 ms, found 3 plugins.
Preloading 1 native plugins for Editor in 0.27 ms.
Mono: successfully reloaded assembly
- Completed reload, in  1.226 seconds
Domain Reload Profiling:
	ReloadAssembly (1227ms)
		BeginReloadAssembly (147ms)
			ExecutionOrderSort (0ms)
			DisableScriptedObjects (0ms)
			BackupInstance (0ms)
			ReleaseScriptingObjects (0ms)
			CreateAndSetChildDomain (3ms)
		EndReloadAssembly (900ms)
			LoadAssemblies (144ms)
			RebuildTransferFunctionScriptingTraits (0ms)
			SetupTypeCache (103ms)
			ReleaseScriptCaches (0ms)
			RebuildScriptCaches (28ms)
			SetupLoadedEditorAssemblies (641ms)
				LogAssemblyErrors (0ms)
				InitializePlatformSupportModulesInManaged (13ms)
				SetLoadedEditorAssemblies (0ms)
				RefreshPlugins (107ms)
				BeforeProcessingInitializeOnLoad (3ms)
				ProcessInitializeOnLoadAttributes (391ms)
				ProcessInitializeOnLoadMethodAttributes (127ms)
				AfterProcessingInitializeOnLoad (0ms)
				EditorAssembliesLoaded (0ms)
			ExecutionOrderSort2 (0ms)
			AwakeInstancesAfterBackupRestoration (0ms)
Platform modules already initialized, skipping
Registering precompiled user dll's ...
Registered in 0.008506 seconds.
Begin MonoManager ReloadAssembly
Symbol file LoadedFromMemory doesn't match image /Users/user/Documents/Pojects/XR-4/Library/PackageCache/com.unity.visualscripting@1.7.8/Editor/VisualScripting.Core/Dependencies/DotNetZip/Unity.VisualScripting.IonicZip.dll
Symbol file LoadedFromMemory doesn't match image /Users/user/Documents/Pojects/XR-4/Library/PackageCache/com.unity.visualscripting@1.7.8/Editor/VisualScripting.Core/Dependencies/YamlDotNet/Unity.VisualScripting.YamlDotNet.dll
Native extension for OSXStandalone target not found
Refreshing native plugins compatible for Editor in 109.27 ms, found 3 plugins.
Preloading 1 native plugins for Editor in 0.42 ms.
Package Manager log level set to [2]
Mono: successfully reloaded assembly
- Completed reload, in  2.265 seconds
Domain Reload Profiling:
	ReloadAssembly (2267ms)
		BeginReloadAssembly (191ms)
			ExecutionOrderSort (0ms)
			DisableScriptedObjects (33ms)
			BackupInstance (0ms)
			ReleaseScriptingObjects (0ms)
			CreateAndSetChildDomain (17ms)
		EndReloadAssembly (1839ms)
			LoadAssemblies (133ms)
			RebuildTransferFunctionScriptingTraits (0ms)
			SetupTypeCache (292ms)
			ReleaseScriptCaches (2ms)
			RebuildScriptCaches (76ms)
			SetupLoadedEditorAssemblies (1199ms)
				LogAssemblyErrors (0ms)
				InitializePlatformSupportModulesInManaged (10ms)
				SetLoadedEditorAssemblies (0ms)
				RefreshPlugins (110ms)
				BeforeProcessingInitializeOnLoad (132ms)
				ProcessInitializeOnLoadAttributes (861ms)
				ProcessInitializeOnLoadMethodAttributes (85ms)
				AfterProcessingInitializeOnLoad (1ms)
				EditorAssembliesLoaded (0ms)
			ExecutionOrderSort2 (0ms)
			AwakeInstancesAfterBackupRestoration (9ms)
Platform modules already initialized, skipping
========================================================================
Worker process is ready to serve import requests
Launching external process: /Applications/Unity/Hub/Editor/2021.3.9f1/Unity.app/Contents/Tools/UnityShaderCompiler
Launched and connected shader compiler UnityShaderCompiler after 0.25 seconds
Refreshing native plugins compatible for Editor in 0.74 ms, found 3 plugins.
Preloading 1 native plugins for Editor in 0.24 ms.
Unloading 4376 Unused Serialized files (Serialized files now loaded: 0)
Unloading 49 unused Assets / (83.8 KB). Loaded Objects now: 4819.
Memory consumption went from 144.3 MB to 144.2 MB.
Total: 3.452125 ms (FindLiveObjects: 0.288584 ms CreateObjectMapping: 0.127834 ms MarkObjects: 2.906375 ms  DeleteObjects: 0.128375 ms)

AssetImportParameters requested are different than current active one (requested -> active):
  custom:video-decoder-ogg-theora: a1e56fd34408186e4bbccfd4996cb3dc -> 
  custom:container-muxer-webm: aa71ff27fc2769a1b78a27578f13a17b -> 
  custom:container-demuxer-webm: 4f35f7cbe854078d1ac9338744f61a02 -> 
  custom:video-encoder-webm-vp8: eb34c28f22e8b96e1ab97ce403110664 -> 
  custom:framework-osx-AVFoundation: e770b220cccbd017edd2c1fefb359320 -> 
  custom:audio-encoder-webm-vorbis: bf7c407c2cedff20999df2af8eb42d56 -> 
  custom:container-demuxer-ogg: 62fdf1f143b41e24485cea50d1cbac27 -> 
  custom:video-decoder-webm-vp8: 9c59270c3fd7afecdb556c50c9e8de78 -> 
  custom:audio-decoder-ogg-vorbis: bf7c407c2cedff20999df2af8eb42d56 -> 
========================================================================
Received Import Request.
  Time since last request: 37931.306741 seconds.
  path: Assets/Materials
  artifactKey: Guid(097b1b75a4e5242539853b19504bd3ef) Importer(815301076,1909f56bfc062723c751e8b465ee728b)
Start importing Assets/Materials using Guid(097b1b75a4e5242539853b19504bd3ef) Importer(815301076,1909f56bfc062723c751e8b465ee728b)  -> (artifact id: 'dfe36c24ec0a4232e3468df7f54b2681') in 0.010501 seconds 
========================================================================
Received Import Request.
  Time since last request: 2.005791 seconds.
  path: Assets/Movement.cs
  artifactKey: Guid(2e8770cdd472fcf4da8bda184d3f2bfc) Importer(815301076,1909f56bfc062723c751e8b465ee728b)
Start importing Assets/Movement.cs using Guid(2e8770cdd472fcf4da8bda184d3f2bfc) Importer(815301076,1909f56bfc062723c751e8b465ee728b)  -> (artifact id: 'fb97c0387f3196ef8b75c3fe374a10b5') in 0.255174 seconds 
========================================================================
Received Import Request.
  Time since last request: 7.336538 seconds.
  path: Assets/Textures
  artifactKey: Guid(c1bb32ebca8e74506a53f89880a77b32) Importer(815301076,1909f56bfc062723c751e8b465ee728b)
Start importing Assets/Textures using Guid(c1bb32ebca8e74506a53f89880a77b32) Importer(815301076,1909f56bfc062723c751e8b465ee728b)  -> (artifact id: '680f2c592f0a4a23f47f55483152cbbb') in 0.001385 seconds 
========================================================================
Received Import Request.
  Time since last request: 9.778251 seconds.
  path: Assets/Scripts
  artifactKey: Guid(6c7d21cb263644386951d43506bec967) Importer(815301076,1909f56bfc062723c751e8b465ee728b)
Start importing Assets/Scripts using Guid(6c7d21cb263644386951d43506bec967) Importer(815301076,1909f56bfc062723c751e8b465ee728b)  -> (artifact id: 'e1a0a63a7f249459187c90013796ca92') in 0.002017 seconds 
========================================================================
Received Import Request.
  Time since last request: 4.846554 seconds.
  path: Assets/ExampleAssets
  artifactKey: Guid(83b7bbecd9fac4db9824039903a1eea8) Importer(815301076,1909f56bfc062723c751e8b465ee728b)
Start importing Assets/ExampleAssets using Guid(83b7bbecd9fac4db9824039903a1eea8) Importer(815301076,1909f56bfc062723c751e8b465ee728b)  -> (artifact id: '5f57ea3c6930e4f9eff9d5d54d89a161') in 0.001104 seconds 
========================================================================
Received Prepare
Registering precompiled user dll's ...
Registered in 0.004269 seconds.
Begin MonoManager ReloadAssembly
Symbol file LoadedFromMemory doesn't match image /Users/user/Documents/Pojects/XR-4/Library/PackageCache/com.unity.visualscripting@1.7.8/Editor/VisualScripting.Core/Dependencies/DotNetZip/Unity.VisualScripting.IonicZip.dll
Symbol file LoadedFromMemory doesn't match image /Users/user/Documents/Pojects/XR-4/Library/PackageCache/com.unity.visualscripting@1.7.8/Editor/VisualScripting.Core/Dependencies/YamlDotNet/Unity.VisualScripting.YamlDotNet.dll
Native extension for OSXStandalone target not found
Refreshing native plugins compatible for Editor in 1.15 ms, found 3 plugins.
Preloading 1 native plugins for Editor in 0.67 ms.
Mono: successfully reloaded assembly
- Completed reload, in  2.186 seconds
Domain Reload Profiling:
	ReloadAssembly (2188ms)
		BeginReloadAssembly (278ms)
			ExecutionOrderSort (0ms)
			DisableScriptedObjects (38ms)
			BackupInstance (0ms)
			ReleaseScriptingObjects (0ms)
			CreateAndSetChildDomain (81ms)
		EndReloadAssembly (1716ms)
			LoadAssemblies (136ms)
			RebuildTransferFunctionScriptingTraits (0ms)
			SetupTypeCache (283ms)
			ReleaseScriptCaches (2ms)
			RebuildScriptCaches (44ms)
			SetupLoadedEditorAssemblies (1123ms)
				LogAssemblyErrors (0ms)
				InitializePlatformSupportModulesInManaged (26ms)
				SetLoadedEditorAssemblies (1ms)
				RefreshPlugins (2ms)
				BeforeProcessingInitializeOnLoad (104ms)
				ProcessInitializeOnLoadAttributes (895ms)
				ProcessInitializeOnLoadMethodAttributes (93ms)
				AfterProcessingInitializeOnLoad (1ms)
				EditorAssembliesLoaded (0ms)
			ExecutionOrderSort2 (0ms)
			AwakeInstancesAfterBackupRestoration (8ms)
Platform modules already initialized, skipping
Refreshing native plugins compatible for Editor in 4.26 ms, found 3 plugins.
Preloading 1 native plugins for Editor in 0.29 ms.
Unloading 4354 Unused Serialized files (Serialized files now loaded: 0)
Unloading 39 unused Assets / (64.2 KB). Loaded Objects now: 4823.
Memory consumption went from 226.4 MB to 226.3 MB.
Total: 3.399292 ms (FindLiveObjects: 0.271625 ms CreateObjectMapping: 0.156375 ms MarkObjects: 2.866459 ms  DeleteObjects: 0.103708 ms)

AssetImportParameters requested are different than current active one (requested -> active):
  custom:video-decoder-ogg-theora: a1e56fd34408186e4bbccfd4996cb3dc -> 
  custom:container-muxer-webm: aa71ff27fc2769a1b78a27578f13a17b -> 
  custom:container-demuxer-webm: 4f35f7cbe854078d1ac9338744f61a02 -> 
  custom:video-encoder-webm-vp8: eb34c28f22e8b96e1ab97ce403110664 -> 
  custom:framework-osx-AVFoundation: e770b220cccbd017edd2c1fefb359320 -> 
  custom:audio-encoder-webm-vorbis: bf7c407c2cedff20999df2af8eb42d56 -> 
  custom:container-demuxer-ogg: 62fdf1f143b41e24485cea50d1cbac27 -> 
  custom:video-decoder-webm-vp8: 9c59270c3fd7afecdb556c50c9e8de78 -> 
  custom:audio-decoder-ogg-vorbis: bf7c407c2cedff20999df2af8eb42d56 -> 
========================================================================
Received Import Request.
  Time since last request: 49.512417 seconds.
  path: Assets/Textures/textures
  artifactKey: Guid(d64a5a4dec3a542679d53a772f50c051) Importer(815301076,1909f56bfc062723c751e8b465ee728b)
Start importing Assets/Textures/textures using Guid(d64a5a4dec3a542679d53a772f50c051) Importer(815301076,1909f56bfc062723c751e8b465ee728b)  -> (artifact id: 'd711e982044ada51f02f17323ee592d1') in 0.051626 seconds 
========================================================================
Received Import Request.
  Time since last request: 3.608792 seconds.
  path: Assets/Textures/SnowBoard
  artifactKey: Guid(d64a5a4dec3a542679d53a772f50c051) Importer(815301076,1909f56bfc062723c751e8b465ee728b)
Start importing Assets/Textures/SnowBoard using Guid(d64a5a4dec3a542679d53a772f50c051) Importer(815301076,1909f56bfc062723c751e8b465ee728b)  -> (artifact id: '258f734d5c4c086dead759aa352d4293') in 0.000904 seconds 
========================================================================
Received Import Request.
  Time since last request: 1.053896 seconds.
  path: Assets/Textures/SnowBoard/Snowboard_Displace.png
  artifactKey: Guid(69c835dc7f8fb4312b0693911150474a) Importer(815301076,1909f56bfc062723c751e8b465ee728b)
Start importing Assets/Textures/SnowBoard/Snowboard_Displace.png using Guid(69c835dc7f8fb4312b0693911150474a) Importer(815301076,1909f56bfc062723c751e8b465ee728b)  -> (artifact id: 'ac7d1e2ed0dd00a6076e5b23ab0826dc') in 0.643690 seconds 
========================================================================
Received Import Request.
  Time since last request: 0.000096 seconds.
  path: Assets/Textures/SnowBoard/TEST.png
  artifactKey: Guid(1977e0d7fc33d459e8274f1e8d5a7c38) Importer(815301076,1909f56bfc062723c751e8b465ee728b)
Start importing Assets/Textures/SnowBoard/TEST.png using Guid(1977e0d7fc33d459e8274f1e8d5a7c38) Importer(815301076,1909f56bfc062723c751e8b465ee728b)  -> (artifact id: 'df07700e094c8c67fce5892bd4de26ab') in 0.019582 seconds 
========================================================================
Received Import Request.
  Time since last request: 32.388676 seconds.
  path: Assets/Models
  artifactKey: Guid(aedba6b8ca88d48158c79b356de7ddfb) Importer(815301076,1909f56bfc062723c751e8b465ee728b)
Start importing Assets/Models using Guid(aedba6b8ca88d48158c79b356de7ddfb) Importer(815301076,1909f56bfc062723c751e8b465ee728b)  -> (artifact id: '825b4d05b0f0adff669a5336c356eedd') in 0.001904 seconds 
========================================================================
Received Import Request.
  Time since last request: 4.784901 seconds.
  path: Assets/Models/Intermediate Advanced Snowboard.obj
  artifactKey: Guid(fecd13504f7bb48ab9ff28bfccfa2e5f) Importer(815301076,1909f56bfc062723c751e8b465ee728b)
Start importing Assets/Models/Intermediate Advanced Snowboard.obj using Guid(fecd13504f7bb48ab9ff28bfccfa2e5f) Importer(815301076,1909f56bfc062723c751e8b465ee728b)  -> (artifact id: '9a1aefa1de17b11d6cc912c38dcb2696') in 1.150971 seconds 
========================================================================
Received Import Request.
  Time since last request: 12.168963 seconds.
  path: Assets
  artifactKey: Guid(00000000000000001000000000000000) Importer(815301076,1909f56bfc062723c751e8b465ee728b)
Start importing Assets using Guid(00000000000000001000000000000000) Importer(815301076,1909f56bfc062723c751e8b465ee728b)  -> (artifact id: '79842766b460edbeab6a34051e857a80') in 0.001755 seconds 
========================================================================
Received Import Request.
  Time since last request: 0.693829 seconds.
  path: Assets/Scenes
  artifactKey: Guid(0cc1b79de78bc4991892d4d342d7211a) Importer(815301076,1909f56bfc062723c751e8b465ee728b)
Start importing Assets/Scenes using Guid(0cc1b79de78bc4991892d4d342d7211a) Importer(815301076,1909f56bfc062723c751e8b465ee728b)  -> (artifact id: '1b04045078bbe446b344ee782fbc8319') in 0.001191 seconds 
========================================================================
Received Import Request.
  Time since last request: 7.381360 seconds.
  path: Assets/Scenes/AlbertScene.unity
  artifactKey: Guid(5bde543c413cd43d0abd78fa84d6428f) Importer(815301076,1909f56bfc062723c751e8b465ee728b)
Start importing Assets/Scenes/AlbertScene.unity using Guid(5bde543c413cd43d0abd78fa84d6428f) Importer(815301076,1909f56bfc062723c751e8b465ee728b)  -> (artifact id: '9b489512de176cbb10e45bd4c76aa40f') in 0.001417 seconds 
========================================================================
Received Import Request.
  Time since last request: 22.659346 seconds.
  path: Assets/Materials/Board.mat
  artifactKey: Guid(484c906cf5cda4d44bba95416d7e0661) Importer(815301076,1909f56bfc062723c751e8b465ee728b)
Start importing Assets/Materials/Board.mat using Guid(484c906cf5cda4d44bba95416d7e0661) Importer(815301076,1909f56bfc062723c751e8b465ee728b)  -> (artifact id: 'd2466ca09d6338dfccfbe82707f70e5e') in 0.495175 seconds 
========================================================================
Received Import Request.
  Time since last request: 2.999465 seconds.
  path: Assets/Materials/SnowBoard.mat
  artifactKey: Guid(484c906cf5cda4d44bba95416d7e0661) Importer(815301076,1909f56bfc062723c751e8b465ee728b)
Start importing Assets/Materials/SnowBoard.mat using Guid(484c906cf5cda4d44bba95416d7e0661) Importer(815301076,1909f56bfc062723c751e8b465ee728b)  -> (artifact id: '6cc11f47335cd023822ae4254b8c309d') in 0.008687 seconds 
========================================================================
Received Import Request.
  Time since last request: 14.212087 seconds.
  path: Assets/Prefabs
  artifactKey: Guid(ed6d53ca218fc476e8d0f825e5ad4722) Importer(815301076,1909f56bfc062723c751e8b465ee728b)
Start importing Assets/Prefabs using Guid(ed6d53ca218fc476e8d0f825e5ad4722) Importer(815301076,1909f56bfc062723c751e8b465ee728b)  -> (artifact id: '4f330cd93b815ecf63eeb852fa710db2') in 0.001190 seconds 
========================================================================
Received Import Request.
  Time since last request: 96.366743 seconds.
  path: Assets/ExampleAssets/Textures/Grid_Light_512x512.png
  artifactKey: Guid(a5888ab2610a91d40a5deefc40b7bfe4) Importer(815301076,1909f56bfc062723c751e8b465ee728b)
Start importing Assets/ExampleAssets/Textures/Grid_Light_512x512.png using Guid(a5888ab2610a91d40a5deefc40b7bfe4) Importer(815301076,1909f56bfc062723c751e8b465ee728b)  -> (artifact id: 'f15f550c82c5bd745fa2b7c23673f607') in 0.060625 seconds 
========================================================================
Received Import Request.
  Time since last request: 0.000152 seconds.
  path: Assets/ExampleAssets/Tutorial/Images/1-welcome-screen-image.png
  artifactKey: Guid(11e34d76fce7843be984510eca5c9139) Importer(815301076,1909f56bfc062723c751e8b465ee728b)
Start importing Assets/ExampleAssets/Tutorial/Images/1-welcome-screen-image.png using Guid(11e34d76fce7843be984510eca5c9139) Importer(815301076,1909f56bfc062723c751e8b465ee728b)  -> (artifact id: '2a67f1daaabf1bbc34eef40223a73394') in 0.050486 seconds 
========================================================================
Received Import Request.
  Time since last request: 114.099816 seconds.
  path: Assets/Textures/SnowBoard/Snowboard_Normal.png
  artifactKey: Guid(fee4e7aa87e4d4b3e90865b2283bbce0) Importer(815301076,1909f56bfc062723c751e8b465ee728b)
Start importing Assets/Textures/SnowBoard/Snowboard_Normal.png using Guid(fee4e7aa87e4d4b3e90865b2283bbce0) Importer(815301076,1909f56bfc062723c751e8b465ee728b)  -> (artifact id: 'c103ee58d35b0fbaeeb131c977ee578c') in 0.048967 seconds 
========================================================================
Received Import Request.
  Time since last request: 37.638013 seconds.
  path: Assets/Materials/SnowBoard.mat
  artifactKey: Guid(484c906cf5cda4d44bba95416d7e0661) Importer(815301076,1909f56bfc062723c751e8b465ee728b)
Start importing Assets/Materials/SnowBoard.mat using Guid(484c906cf5cda4d44bba95416d7e0661) Importer(815301076,1909f56bfc062723c751e8b465ee728b)  -> (artifact id: 'd1c34d11f966799aa3063f4e488e13f4') in 0.285759 seconds 
========================================================================
Received Import Request.
  Time since last request: 6.338194 seconds.
  path: Assets/Prefabs/Intermediate Advanced Snowboard Variant.prefab
  artifactKey: Guid(e1e93828395c94815a9ed01482f26d51) Importer(815301076,1909f56bfc062723c751e8b465ee728b)
Start importing Assets/Prefabs/Intermediate Advanced Snowboard Variant.prefab using Guid(e1e93828395c94815a9ed01482f26d51) Importer(815301076,1909f56bfc062723c751e8b465ee728b)  -> (artifact id: 'd8abce4a0ceb6bbb019d151dbdfb21d3') in 0.121632 seconds 
